<?xml version="1.0" encoding="UTF-8"?>
<testsuite xmlns:xsi="http://www.w3.org/2001/XMLSchema-instance" xsi:noNamespaceSchemaLocation="https://maven.apache.org/surefire/maven-surefire-plugin/xsd/surefire-test-report.xsd" name="org.test.ActorServiceTest" time="4.047" tests="2" errors="0" skipped="0" failures="0">
  <properties>
[...]
</properties>
  <testcase name="findAllFilm" classname="org.test.ActorServiceTest" time="3.624"/>
  <testcase name="save" classname="org.test.ActorServiceTest" time="0.369"/>
</testsuite>